<?xml version="1.0" encoding="UTF-8"?>
<!-- Generated by org.testng.reporters.JUnitXMLReporter -->
<testsuite ignored="0" hostname="DESKTOP-HNSPC8L" failures="0" tests="6" name="Default test" time="37.397" errors="0" timestamp="2025-06-02T21:01:32 GST">
  <testcase classname="test.AdmTest" name="LoginTest" time="3.844"/>
  <testcase classname="test.AdmTest" name="Apptest1" time="10.498"/>
  <testcase classname="test.AdmTest" name="NEgtestLogin1" time="1.895"/>
  <testcase classname="test.AdmTest" name="NEgtestLogin2" time="1.246"/>
  <testcase classname="test.AdmTest" name="NEgtestLogin3" time="1.295"/>
  <testcase classname="test.AdmTest" name="NEgtestLogin4" time="1.373"/>
</testsuite> <!-- Default test -->
